<?xml version="1.0" encoding="UTF-8"?>
<!-- Generated by org.testng.reporters.JUnitReportReporter -->
<testsuite hostname="WorkPC" failures="0" tests="1" name="RestGrab.PostApi" time="0.035" errors="0" timestamp="2021-07-18T13:12:44 IST" skipped="0">
  <testcase classname="RestGrab.PostApi" name="PostRequest" time="0.035"/>
  <system-out/>
</testsuite> <!-- RestGrab.PostApi -->
